0 info it worked if it ends with ok
1 verbose cli [ '/Users/newscred/.nvm/versions/node/v4.3.1/bin/node',
1 verbose cli   '/Users/newscred/.nvm/versions/node/v4.3.1/bin/npm',
1 verbose cli   'install',
1 verbose cli   '-g',
1 verbose cli   '@angular/cli' ]
2 info using npm@2.14.12
3 info using node@v4.3.1
4 verbose install initial load of /Users/newscred/.nvm/versions/node/v4.3.1/lib/package.json
5 verbose readDependencies loading dependencies from /Users/newscred/.nvm/versions/node/v4.3.1/lib/package.json
6 silly cache add args [ '@angular/cli', null ]
7 verbose cache add spec @angular/cli
8 silly cache add parsed spec Result {
8 silly cache add   raw: '@angular/cli',
8 silly cache add   scope: '@angular',
8 silly cache add   name: '@angular/cli',
8 silly cache add   rawSpec: '',
8 silly cache add   spec: 'latest',
8 silly cache add   type: 'tag' }
9 silly addNamed @angular/cli@latest
10 verbose addNamed "latest" is being treated as a dist-tag for @angular/cli
11 info addNameTag [ '@angular/cli', 'latest' ]
12 silly mapToRegistry name @angular/cli
13 silly mapToRegistry scope (from package name) @angular
14 verbose mapToRegistry no registry URL found in name for scope @angular
15 silly mapToRegistry using default registry
16 silly mapToRegistry registry http://npm.newscred.com:4873/
17 silly mapToRegistry uri http://npm.newscred.com:4873/@angular%2fcli
18 verbose addNameTag registry:http://npm.newscred.com:4873/@angular%2fcli not in flight; fetching
19 verbose request uri http://npm.newscred.com:4873/@angular%2fcli
20 verbose request no auth needed
21 info attempt registry request try #1 at 11:05:44 PM
22 verbose request id c2b6e5d2649bc18c
23 http request GET http://npm.newscred.com:4873/@angular%2fcli
24 info retry will retry, error on last attempt: Error: connect ETIMEDOUT 172.27.100.158:4873
25 info attempt registry request try #2 at 11:07:11 PM
26 http request GET http://npm.newscred.com:4873/@angular%2fcli
27 info retry will retry, error on last attempt: Error: connect ETIMEDOUT 172.27.100.158:4873
28 info attempt registry request try #3 at 11:09:29 PM
29 http request GET http://npm.newscred.com:4873/@angular%2fcli
30 verbose stack Error: connect ETIMEDOUT 172.27.100.158:4873
30 verbose stack     at Object.exports._errnoException (util.js:870:11)
30 verbose stack     at exports._exceptionWithHostPort (util.js:893:20)
30 verbose stack     at TCPConnectWrap.afterConnect [as oncomplete] (net.js:1062:14)
31 verbose cwd /Users/newscred/work/angular/understanding angular
32 error Darwin 14.5.0
33 error argv "/Users/newscred/.nvm/versions/node/v4.3.1/bin/node" "/Users/newscred/.nvm/versions/node/v4.3.1/bin/npm" "install" "-g" "@angular/cli"
34 error node v4.3.1
35 error npm  v2.14.12
36 error code ETIMEDOUT
37 error errno ETIMEDOUT
38 error syscall connect
39 error network connect ETIMEDOUT 172.27.100.158:4873
39 error network This is most likely not a problem with npm itself
39 error network and is related to network connectivity.
39 error network In most cases you are behind a proxy or have bad network settings.
39 error network
39 error network If you are behind a proxy, please make sure that the
39 error network 'proxy' config is set properly.  See: 'npm help config'
40 verbose exit [ 1, true ]
